<?xml version="1.0" encoding="UTF-8"?>
<testng-results ignored="0" total="1" passed="1" failed="0" skipped="0">
  <reporter-output>
  </reporter-output>
  <suite started-at="2022-09-12T06:04:43Z" name="Default suite" finished-at="2022-09-12T06:04:57Z" duration-ms="13905">
    <groups>
    </groups>
    <test started-at="2022-09-12T06:04:43Z" name="Default test" finished-at="2022-09-12T06:04:57Z" duration-ms="13905">
      <class name="testCases.TC_LoginTest_001">
        <test-method is-config="true" signature="setup()[pri:0, instance:testCases.TC_LoginTest_001@732d0d24]" started-at="2022-09-12T06:04:43Z" name="setup" finished-at="2022-09-12T06:04:50Z" duration-ms="6336" status="PASS">
          <reporter-output>
          </reporter-output>
        </test-method> <!-- setup -->
        <test-method signature="loginTest()[pri:0, instance:testCases.TC_LoginTest_001@732d0d24]" started-at="2022-09-12T06:04:50Z" name="loginTest" finished-at="2022-09-12T06:04:57Z" duration-ms="7403" status="PASS">
          <reporter-output>
          </reporter-output>
        </test-method> <!-- loginTest -->
        <test-method is-config="true" signature="tearDown()[pri:0, instance:testCases.TC_LoginTest_001@732d0d24]" started-at="2022-09-12T06:04:57Z" name="tearDown" finished-at="2022-09-12T06:04:57Z" duration-ms="135" status="PASS">
          <reporter-output>
          </reporter-output>
        </test-method> <!-- tearDown -->
      </class> <!-- testCases.TC_LoginTest_001 -->
    </test> <!-- Default test -->
  </suite> <!-- Default suite -->
</testng-results>
